Arguments: 
  C:\Program Files\nodejs\node.exe C:\Users\vineb\AppData\Roaming\npm\node_modules\yarn\bin\yarn.js add @prisma-client

PATH: 
  C:\Program Files\Common Files\Oracle\Java\javapath;C:\WINDOWS\system32;C:\WINDOWS;C:\WINDOWS\System32\Wbem;C:\WINDOWS\System32\WindowsPowerShell\v1.0\;C:\WINDOWS\System32\OpenSSH\;C:\Program Files\Git\cmd;C:\Users\vineb\AppData\Local\Android\Sdk\platform-tools\;C:\ProgramData\chocolatey\bin;C:\Program Files\OpenJDK\openjdk-8u312-b07\bin;C:\Program Files\nodejs\;C:\Program Files\Microsoft\Web Platform Installer\;D:\youtube-dl;C:\ProgramData\ComposerSetup\bin;C:\Program Files\NVIDIA Corporation\NVIDIA NvDLISR;C:\Program Files (x86)\NVIDIA Corporation\PhysX\Common;C:\Program Files\dotnet\;C:\Program Files (x86)\OpenVPN\bin;C:\Program Files\MySQL\MySQL Shell 8.0\bin\;C:\Users\vineb\AppData\Local\Programs\Python\Python310\Scripts\;C:\Users\vineb\AppData\Local\Programs\Python\Python310\;C:\Users\vineb\AppData\Local\Microsoft\WindowsApps;C:\Users\vineb\AppData\Local\Programs\Microsoft VS Code\bin;C:\Users\vineb\AppData\Roaming\npm;C:\php-7.4.26;C:\Users\vineb\AppData\Roaming\Composer\vendor\bin;C:\Python25;C:\Program Files\heroku\bin;C:\ffmpeg\bin

Yarn version: 
  1.22.17

Node version: 
  16.13.0

Platform: 
  win32 x64

Trace: 
  Error: https://registry.yarnpkg.com/@prisma-client: Request "https://registry.yarnpkg.com/@prisma-client" returned a 405
      at Request.params.callback [as _callback] (C:\Users\vineb\AppData\Roaming\npm\node_modules\yarn\lib\cli.js:67038:18)
      at Request.self.callback (C:\Users\vineb\AppData\Roaming\npm\node_modules\yarn\lib\cli.js:140883:22)
      at Request.emit (node:events:390:28)
      at Request.<anonymous> (C:\Users\vineb\AppData\Roaming\npm\node_modules\yarn\lib\cli.js:141855:10)
      at Request.emit (node:events:390:28)
      at IncomingMessage.<anonymous> (C:\Users\vineb\AppData\Roaming\npm\node_modules\yarn\lib\cli.js:141777:12)
      at Object.onceWrapper (node:events:509:28)
      at IncomingMessage.emit (node:events:402:35)
      at endReadableNT (node:internal/streams/readable:1343:12)
      at processTicksAndRejections (node:internal/process/task_queues:83:21)

npm manifest: 
  {
    "name": "node-server-cache",
    "version": "1.0.0",
    "main": "index.js",
    "license": "MIT",
    "dependencies": {
      "prisma": "^3.6.0"
    },
    "devDependencies": {
      "faker": "^5.5.3",
      "typescript": "^4.5.4"
    }
  }

yarn manifest: 
  No manifest

Lockfile: 
  # THIS IS AN AUTOGENERATED FILE. DO NOT EDIT THIS FILE DIRECTLY.
  # yarn lockfile v1
  
  
  "@prisma/engines@3.6.0-24.dc520b92b1ebb2d28dc3161f9f82e875bd35d727":
    version "3.6.0-24.dc520b92b1ebb2d28dc3161f9f82e875bd35d727"
    resolved "https://registry.yarnpkg.com/@prisma/engines/-/engines-3.6.0-24.dc520b92b1ebb2d28dc3161f9f82e875bd35d727.tgz#c68ede6aeffa9ef7743a32cfa6daf9172a4e15b3"
    integrity sha512-dRClHS7DsTVchDKzeG72OaEyeDskCv91pnZ72Fftn0mp4BkUvX2LvWup65hCNzwwQm5IDd6A88APldKDnMiEMA==
  
  faker@^5.5.3:
    version "5.5.3"
    resolved "https://registry.yarnpkg.com/faker/-/faker-5.5.3.tgz#c57974ee484431b25205c2c8dc09fda861e51e0e"
    integrity sha512-wLTv2a28wjUyWkbnX7u/ABZBkUkIF2fCd73V6P2oFqEGEktDfzWx4UxrSqtPRw0xPRAcjeAOIiJWqZm3pP4u3g==
  
  prisma@^3.6.0:
    version "3.6.0"
    resolved "https://registry.yarnpkg.com/prisma/-/prisma-3.6.0.tgz#99532abc02e045e58c6133a19771bdeb28cecdbe"
    integrity sha512-6SqgHS/5Rq6HtHjsWsTxlj+ySamGyCLBUQfotc2lStOjPv52IQuDVpp58GieNqc9VnfuFyHUvTZw7aQB+G2fvQ==
    dependencies:
      "@prisma/engines" "3.6.0-24.dc520b92b1ebb2d28dc3161f9f82e875bd35d727"
  
  typescript@^4.5.4:
    version "4.5.4"
    resolved "https://registry.yarnpkg.com/typescript/-/typescript-4.5.4.tgz#a17d3a0263bf5c8723b9c52f43c5084edf13c2e8"
    integrity sha512-VgYs2A2QIRuGphtzFV7aQJduJ2gyfTljngLzjpfW9FoYZF6xuw1W0vW9ghCKLfcWrCFxK81CSGRAvS1pn4fIUg==
